<?xml version="1.0" encoding="UTF-8"?>
<!-- Generated by org.testng.reporters.JUnitReportReporter -->
<testsuite hostname="LAPTOP-668Q6PHV" failures="0" tests="4" name="testClasses.TestClass2" time="21.921" errors="0" timestamp="2022-05-28T17:10:13 IST" skipped="2">
  <testcase classname="testClasses.TestClass2" name="TestA" time="0.000">
    <skipped/>
  </testcase> <!-- TestA -->
  <system-out/>
  <testcase classname="testClasses.TestClass2" name="test" time="0.000">
    <skipped/>
  </testcase> <!-- test -->
  <system-out/>
  <testcase classname="testClasses.TestClass2" name="test" time="10.135"/>
  <system-out/>
  <testcase classname="testClasses.TestClass2" name="TestA" time="11.786"/>
  <system-out/>
</testsuite> <!-- testClasses.TestClass2 -->
